SF:lib/src/domain/entities/pessoa_entity.dart
DA:9,3
DA:16,24
DA:18,3
DA:24,3
DA:25,3
DA:26,3
DA:27,3
DA:28,1
DA:32,2
DA:33,6
DA:34,6
DA:35,6
DA:36,6
LF:13
LH:13
end_of_record
SF:lib/src/domain/enum/imc_enum.dart
DA:13,2
DA:15,2
DA:17,2
DA:19,2
DA:21,2
DA:23,2
DA:25,2
DA:27,2
DA:29,2
DA:34,2
DA:36,2
DA:38,2
DA:40,2
DA:42,2
DA:44,2
DA:46,2
DA:48,2
DA:50,2
DA:55,2
DA:57,2
DA:59,2
DA:61,2
DA:63,2
DA:65,2
DA:67,2
DA:69,2
DA:71,2
DA:76,3
DA:77,3
DA:79,3
DA:81,3
DA:83,3
DA:85,3
DA:87,3
DA:89,3
LF:35
LH:35
end_of_record
SF:lib/src/presentation/controller/imc_controller.dart
DA:5,2
DA:10,2
DA:11,4
DA:13,2
LF:4
LH:4
end_of_record
SF:lib/core/app_widget.dart
DA:5,1
DA:7,1
DA:8,1
DA:12,1
DA:14,1
DA:18,1
LF:6
LH:6
end_of_record
SF:lib/src/presentation/page/imc_page.dart
DA:6,2
DA:8,1
DA:9,1
DA:20,4
DA:24,1
DA:26,1
DA:27,1
DA:30,1
DA:32,1
DA:33,1
DA:34,1
DA:35,1
DA:36,1
DA:37,1
DA:38,1
DA:40,1
DA:41,1
DA:47,1
DA:48,1
DA:55,1
DA:57,1
DA:58,1
DA:65,1
DA:66,1
DA:68,1
DA:75,1
DA:77,1
DA:78,1
DA:85,1
DA:86,1
DA:88,1
DA:95,1
DA:97,1
DA:99,1
DA:100,2
DA:106,2
DA:113,1
DA:114,2
DA:117,1
DA:118,2
DA:119,1
DA:120,3
DA:121,3
DA:122,3
DA:124,3
DA:125,2
DA:131,2
DA:132,2
DA:133,2
DA:134,1
DA:135,4
DA:140,1
DA:141,1
DA:142,1
DA:143,1
DA:144,1
DA:146,2
DA:147,1
DA:149,1
DA:151,1
DA:152,1
DA:153,2
DA:157,1
DA:158,2
DA:165,1
DA:166,4
LF:66
LH:66
end_of_record
